RUN	performanceRunners.CDArticleSimulation	cdarticlesimulation	1683473672352	 	3.7.4
USER	Create An Article	START	1683473672462
REQUEST		POST /api/users/login	1683473672551	1683473672723	OK	 
REQUEST		POST /api/users/login	1683473672749	1683473672908	OK	 
USER	Create An Article	START	1683473676444
USER	Create An Article	START	1683473677453
USER	Create An Article	START	1683473678451
REQUEST		Create And Delete Article	1683473673315	1683473673466	OK	 
USER	Create An Article	END	1683473678507
USER	Create An Article	START	1683473679463
USER	Create An Article	START	1683473680441
USER	Create An Article	START	1683473681451
REQUEST		Create And Delete Article	1683473676482	1683473676623	OK	 
USER	Create An Article	END	1683473681637
USER	Create An Article	START	1683473682454
REQUEST		Create And Delete Article	1683473677527	1683473677644	OK	 
USER	Create An Article	END	1683473682653
USER	Create An Article	START	1683473683441
REQUEST		Create And Delete Article	1683473678537	1683473678634	OK	 
USER	Create An Article	END	1683473683645
USER	Create An Article	START	1683473684440
REQUEST		Create And Delete Article	1683473679515	1683473679607	OK	 
USER	Create An Article	END	1683473684626
USER	Create An Article	START	1683473685452
REQUEST		Create And Delete Article	1683473680502	1683473680614	OK	 
USER	Create An Article	END	1683473685623
USER	Create An Article	START	1683473686454
REQUEST		Create And Delete Article	1683473681535	1683473681855	OK	 
USER	Create An Article	END	1683473686883
USER	Create An Article	START	1683473686943
USER	Create An Article	START	1683473687442
REQUEST		Create And Delete Article	1683473682529	1683473682618	OK	 
USER	Create An Article	END	1683473687629
USER	Create An Article	START	1683473687952
USER	Create An Article	START	1683473688451
REQUEST		Create And Delete Article	1683473683528	1683473683660	OK	 
USER	Create An Article	END	1683473688684
USER	Create An Article	START	1683473688947
USER	Create An Article	START	1683473689463
REQUEST		Create And Delete Article	1683473684485	1683473684583	OK	 
USER	Create An Article	END	1683473689603
USER	Create An Article	START	1683473689944
USER	Create An Article	START	1683473690441
REQUEST		Create And Delete Article	1683473685478	1683473685582	OK	 
USER	Create An Article	END	1683473690598
USER	Create An Article	START	1683473690940
USER	Create An Article	START	1683473691454
REQUEST		Create And Delete Article	1683473686508	1683473686644	OK	 
USER	Create An Article	END	1683473691656
USER	Create An Article	START	1683473691947
REQUEST		Create And Delete Article	1683473686995	1683473687152	OK	 
USER	Create An Article	END	1683473692168
USER	Create An Article	START	1683473692448
REQUEST		Create And Delete Article	1683473687500	1683473687617	OK	 
USER	Create An Article	END	1683473692632
USER	Create An Article	START	1683473692942
REQUEST		Create And Delete Article	1683473688023	1683473688135	OK	 
USER	Create An Article	END	1683473693159
USER	Create An Article	START	1683473693454
REQUEST		Create And Delete Article	1683473688477	1683473688597	OK	 
USER	Create An Article	END	1683473693611
USER	Create An Article	START	1683473693950
REQUEST		Create And Delete Article	1683473689016	1683473689112	OK	 
USER	Create An Article	END	1683473694136
USER	Create An Article	START	1683473694448
REQUEST		Create And Delete Article	1683473689520	1683473689613	OK	 
USER	Create An Article	END	1683473694635
USER	Create An Article	START	1683473694946
REQUEST		Create And Delete Article	1683473689977	1683473690110	OK	 
USER	Create An Article	END	1683473695134
USER	Create An Article	START	1683473695445
REQUEST		Create And Delete Article	1683473690456	1683473690560	OK	 
USER	Create An Article	END	1683473695572
USER	Create An Article	START	1683473695944
REQUEST		Create And Delete Article	1683473690958	1683473691055	OK	 
USER	Create An Article	END	1683473696069
USER	Create An Article	START	1683473696444
REQUEST		Create And Delete Article	1683473691515	1683473691637	OK	 
USER	Create An Article	END	1683473696663
USER	Create An Article	START	1683473696941
REQUEST		Create And Delete Article	1683473691970	1683473692074	OK	 
USER	Create An Article	END	1683473697084
USER	Create An Article	START	1683473697455
REQUEST		Create And Delete Article	1683473692482	1683473692608	OK	 
USER	Create An Article	END	1683473697611
USER	Create An Article	START	1683473697783
REQUEST		Create And Delete Article	1683473692973	1683473693078	OK	 
USER	Create An Article	END	1683473698095
USER	Create An Article	START	1683473698110
USER	Create An Article	START	1683473698451
REQUEST		Create And Delete Article	1683473693488	1683473693634	OK	 
USER	Create An Article	END	1683473698654
USER	Create An Article	START	1683473698779
REQUEST		Create And Delete Article	1683473693980	1683473694095	OK	 
USER	Create An Article	END	1683473699102
USER	Create An Article	START	1683473699118
USER	Create An Article	START	1683473699445
USER	Create An Article	START	1683473699692
REQUEST		Create And Delete Article	1683473694479	1683473694680	OK	 
USER	Create An Article	END	1683473699693
USER	Create An Article	START	1683473699940
REQUEST		Create And Delete Article	1683473694960	1683473695078	OK	 
USER	Create An Article	END	1683473700094
USER	Create An Article	START	1683473700203
USER	Create An Article	START	1683473700448
REQUEST		Create And Delete Article	1683473695481	1683473695598	OK	 
USER	Create An Article	END	1683473700605
USER	Create An Article	START	1683473700697
USER	Create An Article	START	1683473700945
REQUEST		Create And Delete Article	1683473695959	1683473696059	OK	 
USER	Create An Article	END	1683473701068
USER	Create An Article	START	1683473701193
USER	Create An Article	START	1683473701442
REQUEST		Create And Delete Article	1683473696462	1683473696561	OK	 
USER	Create An Article	END	1683473701581
USER	Create An Article	START	1683473701643
USER	Create An Article	START	1683473701844
USER	Create An Article	START	1683473702046
REQUEST		Create And Delete Article	1683473696960	1683473697082	OK	 
USER	Create An Article	END	1683473702154
USER	Create An Article	START	1683473702247
USER	Create An Article	START	1683473702451
USER	Create An Article	START	1683473702639
REQUEST		Create And Delete Article	1683473697471	1683473697776	OK	 
USER	Create An Article	END	1683473702779
USER	Create An Article	START	1683473702842
USER	Create An Article	START	1683473703044
REQUEST		Create And Delete Article	1683473697793	1683473698059	OK	 
USER	Create An Article	END	1683473703077
USER	Create An Article	START	1683473703247
REQUEST		Create And Delete Article	1683473698125	1683473698308	OK	 
USER	Create An Article	END	1683473703324
USER	Create An Article	START	1683473703452
USER	Create An Article	START	1683473703617
REQUEST		Create And Delete Article	1683473698463	1683473698613	OK	 
USER	Create An Article	END	1683473703618
USER	Create An Article	START	1683473703772
REQUEST		Create And Delete Article	1683473698791	1683473698894	OK	 
USER	Create An Article	END	1683473703911
USER	Create An Article	START	1683473703941
USER	Create An Article	START	1683473704111
USER	Create An Article	START	1683473704282
REQUEST		Create And Delete Article	1683473699140	1683473699417	OK	 
USER	Create An Article	END	1683473704437
USER	Create An Article	START	1683473704453
USER	Create An Article	START	1683473704610
REQUEST		Create And Delete Article	1683473699476	1683473699604	OK	 
USER	Create An Article	END	1683473704610
USER	Create An Article	START	1683473704780
REQUEST		Create And Delete Article	1683473699709	1683473699802	OK	 
USER	Create An Article	END	1683473704811
USER	Create An Article	START	1683473704950
REQUEST		Create And Delete Article	1683473699971	1683473700077	OK	 
USER	Create An Article	END	1683473705090
USER	Create An Article	START	1683473705105
USER	Create An Article	START	1683473705276
REQUEST		Create And Delete Article	1683473700225	1683473700321	OK	 
USER	Create An Article	END	1683473705338
USER	Create An Article	START	1683473705447
REQUEST		Create And Delete Article	1683473700457	1683473700556	OK	 
USER	Create An Article	END	1683473705571
USER	Create An Article	START	1683473705586
USER	Create An Article	START	1683473705724
REQUEST		Create And Delete Article	1683473700720	1683473700820	OK	 
USER	Create An Article	END	1683473705831
USER	Create An Article	START	1683473705877
USER	Create An Article	START	1683473706016
REQUEST		Create And Delete Article	1683473700955	1683473701072	OK	 
USER	Create An Article	END	1683473706080
USER	Create An Article	START	1683473706155
USER	Create An Article	START	1683473706309
REQUEST		Create And Delete Article	1683473701222	1683473701352	OK	 
USER	Create An Article	END	1683473706356
USER	Create An Article	START	1683473706447
USER	Create An Article	START	1683473706589
REQUEST		Create And Delete Article	1683473701466	1683473701582	OK	 
USER	Create An Article	END	1683473706589
USER	Create An Article	START	1683473706729
REQUEST		Create And Delete Article	1683473701656	1683473701780	OK	 
USER	Create An Article	END	1683473706791
USER	Create An Article	START	1683473706868
REQUEST		Create And Delete Article	1683473701880	1683473701986	OK	 
USER	Create An Article	END	1683473706994
USER	Create An Article	START	1683473707023
USER	Create An Article	START	1683473707163
REQUEST		Create And Delete Article	1683473702069	1683473702170	OK	 
USER	Create An Article	END	1683473707180
USER	Create An Article	START	1683473707303
REQUEST		Create And Delete Article	1683473702257	1683473702357	OK	 
USER	Create An Article	END	1683473707366
USER	Create An Article	START	1683473707458
USER	Create An Article	START	1683473707565
REQUEST		Create And Delete Article	1683473702469	1683473702562	OK	 
USER	Create An Article	END	1683473707581
USER	Create An Article	START	1683473707691
REQUEST		Create And Delete Article	1683473702668	1683473702767	OK	 
USER	Create An Article	END	1683473707785
USER	Create An Article	START	1683473707815
USER	Create An Article	START	1683473707954
REQUEST		Create And Delete Article	1683473702852	1683473702940	OK	 
USER	Create An Article	END	1683473707955
USER	Create An Article	START	1683473708080
REQUEST		Create And Delete Article	1683473703074	1683473703182	OK	 
USER	Create An Article	END	1683473708189
USER	Create An Article	START	1683473708204
USER	Create An Article	START	1683473708315
REQUEST		Create And Delete Article	1683473703259	1683473703358	OK	 
USER	Create An Article	END	1683473708363
USER	Create An Article	START	1683473708441
USER	Create An Article	START	1683473708564
REQUEST		Create And Delete Article	1683473703462	1683473703550	OK	 
USER	Create An Article	END	1683473708564
USER	Create An Article	START	1683473708703
REQUEST		Create And Delete Article	1683473703639	1683473703766	OK	 
USER	Create An Article	END	1683473708780
USER	Create An Article	START	1683473708826
REQUEST		Create And Delete Article	1683473703786	1683473703885	OK	 
USER	Create An Article	END	1683473708905
USER	Create An Article	START	1683473708952
USER	Create An Article	START	1683473709077
REQUEST		Create And Delete Article	1683473703969	1683473704074	OK	 
USER	Create An Article	END	1683473709077
USER	Create An Article	START	1683473709201
REQUEST		Create And Delete Article	1683473704139	1683473704266	OK	 
USER	Create An Article	END	1683473709278
USER	Create An Article	START	1683473709325
REQUEST		Create And Delete Article	1683473704304	1683473704398	OK	 
USER	Create An Article	END	1683473709402
USER	Create An Article	START	1683473709449
USER	Create An Article	START	1683473709558
REQUEST		Create And Delete Article	1683473704463	1683473704549	OK	 
USER	Create An Article	END	1683473709559
USER	Create An Article	START	1683473709665
REQUEST		Create And Delete Article	1683473704630	1683473704717	OK	 
USER	Create An Article	END	1683473709728
USER	Create An Article	START	1683473709773
USER	Create An Article	START	1683473709896
REQUEST		Create And Delete Article	1683473704789	1683473704885	OK	 
USER	Create An Article	END	1683473709896
USER	Create An Article	START	1683473710004
USER	Create An Article	START	1683473710113
REQUEST		Create And Delete Article	1683473704960	1683473705127	OK	 
USER	Create An Article	END	1683473710130
USER	Create An Article	START	1683473710222
REQUEST		Create And Delete Article	1683473705114	1683473705215	OK	 
USER	Create An Article	END	1683473710223
USER	Create An Article	START	1683473710332
REQUEST		Create And Delete Article	1683473705300	1683473705482	OK	 
USER	Create An Article	END	1683473710489
USER	Create An Article	START	1683473710489
USER	Create An Article	START	1683473710549
REQUEST		Create And Delete Article	1683473705462	1683473705570	OK	 
USER	Create An Article	END	1683473710581
USER	Create An Article	START	1683473710673
REQUEST		Create And Delete Article	1683473705615	1683473705755	OK	 
USER	Create An Article	END	1683473710769
USER	Create An Article	START	1683473710784
USER	Create An Article	START	1683473710892
REQUEST		Create And Delete Article	1683473705776	1683473705884	OK	 
USER	Create An Article	END	1683473710911
USER	Create An Article	START	1683473711001
REQUEST		Create And Delete Article	1683473705905	1683473706011	OK	 
USER	Create An Article	END	1683473711032
USER	Create An Article	START	1683473711110
REQUEST		Create And Delete Article	1683473706068	1683473706165	OK	 
USER	Create An Article	END	1683473711188
USER	Create An Article	START	1683473711218
REQUEST		Create And Delete Article	1683473706184	1683473706301	OK	 
USER	Create An Article	END	1683473711311
USER	Create An Article	START	1683473711341
REQUEST		Create And Delete Article	1683473706327	1683473706426	OK	 
USER	Create An Article	END	1683473711433
USER	Create An Article	START	1683473711447
USER	Create An Article	START	1683473711554
REQUEST		Create And Delete Article	1683473706460	1683473706555	OK	 
USER	Create An Article	END	1683473711570
USER	Create An Article	START	1683473711648
USER	Create An Article	START	1683473711742
REQUEST		Create And Delete Article	1683473706606	1683473706725	OK	 
USER	Create An Article	END	1683473711742
USER	Create An Article	START	1683473711848
REQUEST		Create And Delete Article	1683473706738	1683473706833	OK	 
USER	Create An Article	END	1683473711848
USER	Create An Article	START	1683473711941
REQUEST		Create And Delete Article	1683473706876	1683473707013	OK	 
USER	Create An Article	END	1683473712018
USER	Create An Article	START	1683473712048
REQUEST		Create And Delete Article	1683473707032	1683473707119	OK	 
USER	Create An Article	END	1683473712126
USER	Create An Article	START	1683473712141
USER	Create An Article	START	1683473712249
REQUEST		Create And Delete Article	1683473707192	1683473707300	OK	 
USER	Create An Article	END	1683473712314
USER	Create An Article	START	1683473712345
REQUEST		Create And Delete Article	1683473707320	1683473707416	OK	 
USER	Create An Article	END	1683473712422
USER	Create An Article	START	1683473712453
USER	Create An Article	START	1683473712546
REQUEST		Create And Delete Article	1683473707488	1683473707613	OK	 
USER	Create An Article	END	1683473712624
USER	Create An Article	START	1683473712639
REQUEST		Create And Delete Article	1683473707610	1683473707720	OK	 
USER	Create An Article	END	1683473712733
USER	Create An Article	START	1683473712748
USER	Create An Article	START	1683473712839
REQUEST		Create And Delete Article	1683473707740	1683473707835	OK	 
USER	Create An Article	END	1683473712856
USER	Create An Article	START	1683473712947
REQUEST		Create And Delete Article	1683473707831	1683473707937	OK	 
USER	Create An Article	END	1683473712948
USER	Create An Article	START	1683473713039
REQUEST		Create And Delete Article	1683473707966	1683473708078	OK	 
USER	Create An Article	END	1683473713087
USER	Create An Article	START	1683473713148
USER	Create An Article	START	1683473713240
REQUEST		Create And Delete Article	1683473708127	1683473708227	OK	 
USER	Create An Article	END	1683473713241
REQUEST		Create And Delete Article	1683473708212	1683473708306	OK	 
USER	Create An Article	END	1683473713319
USER	Create An Article	START	1683473713349
USER	Create An Article	START	1683473713441
REQUEST		Create And Delete Article	1683473708356	1683473708458	OK	 
USER	Create An Article	END	1683473713475
USER	Create An Article	START	1683473713535
REQUEST		Create And Delete Article	1683473708493	1683473708586	OK	 
USER	Create An Article	END	1683473713598
USER	Create An Article	START	1683473713629
REQUEST		Create And Delete Article	1683473708574	1683473708672	OK	 
USER	Create An Article	END	1683473713676
USER	Create An Article	START	1683473713722
USER	Create An Article	START	1683473713814
REQUEST		Create And Delete Article	1683473708722	1683473708834	OK	 
USER	Create An Article	END	1683473713847
USER	Create An Article	START	1683473713893
REQUEST		Create And Delete Article	1683473708836	1683473708958	OK	 
USER	Create An Article	END	1683473713971
USER	Create An Article	START	1683473713986
REQUEST		Create And Delete Article	1683473708971	1683473709061	OK	 
USER	Create An Article	END	1683473714064
USER	Create An Article	START	1683473714078
USER	Create An Article	START	1683473714172
REQUEST		Create And Delete Article	1683473709086	1683473709208	OK	 
USER	Create An Article	END	1683473714218
USER	Create An Article	START	1683473714263
REQUEST		Create And Delete Article	1683473709222	1683473709315	OK	 
USER	Create An Article	END	1683473714325
USER	Create An Article	START	1683473714355
USER	Create An Article	START	1683473714448
REQUEST		Create And Delete Article	1683473709344	1683473709464	OK	 
USER	Create An Article	END	1683473714480
USER	Create An Article	START	1683473714541
REQUEST		Create And Delete Article	1683473709465	1683473709593	OK	 
USER	Create An Article	END	1683473714604
USER	Create An Article	START	1683473714634
USER	Create An Article	START	1683473714712
REQUEST		Create And Delete Article	1683473709582	1683473709717	OK	 
USER	Create An Article	END	1683473714727
USER	Create An Article	START	1683473714803
REQUEST		Create And Delete Article	1683473709742	1683473709851	OK	 
USER	Create An Article	END	1683473714864
USER	Create An Article	START	1683473714895
REQUEST		Create And Delete Article	1683473709785	1683473709900	OK	 
USER	Create An Article	END	1683473714911
USER	Create An Article	START	1683473714987
REQUEST		Create And Delete Article	1683473709905	1683473709991	OK	 
USER	Create An Article	END	1683473715004
USER	Create An Article	START	1683473715079
USER	Create An Article	START	1683473715171
REQUEST		Create And Delete Article	1683473710048	1683473710150	OK	 
USER	Create An Article	END	1683473715172
USER	Create An Article	START	1683473715262
REQUEST		Create And Delete Article	1683473710154	1683473710278	OK	 
USER	Create An Article	END	1683473715294
USER	Create An Article	START	1683473715354
REQUEST		Create And Delete Article	1683473710248	1683473710362	OK	 
USER	Create An Article	END	1683473715370
USER	Create An Article	START	1683473715447
USER	Create An Article	START	1683473715524
REQUEST		Create And Delete Article	1683473710416	1683473710519	OK	 
USER	Create An Article	END	1683473715525
USER	Create An Article	START	1683473715617
REQUEST		Create And Delete Article	1683473710498	1683473710676	OK	 
USER	Create An Article	END	1683473715684
USER	Create An Article	START	1683473715694
REQUEST		Create And Delete Article	1683473710590	1683473710688	OK	 
USER	Create An Article	END	1683473715695
USER	Create An Article	START	1683473715772
REQUEST		Create And Delete Article	1683473710704	1683473710806	OK	 
USER	Create An Article	END	1683473715819
USER	Create An Article	START	1683473715864
REQUEST		Create And Delete Article	1683473710799	1683473710886	OK	 
USER	Create An Article	END	1683473715895
USER	Create An Article	START	1683473715940
USER	Create An Article	START	1683473716034
REQUEST		Create And Delete Article	1683473710942	1683473711050	OK	 
USER	Create An Article	END	1683473716065
USER	Create An Article	START	1683473716112
REQUEST		Create And Delete Article	1683473711022	1683473711117	OK	 
USER	Create An Article	END	1683473716128
USER	Create An Article	START	1683473716205
REQUEST		Create And Delete Article	1683473711119	1683473711209	OK	 
USER	Create An Article	END	1683473716221
USER	Create An Article	START	1683473716283
USER	Create An Article	START	1683473716361
REQUEST		Create And Delete Article	1683473711243	1683473711349	OK	 
USER	Create An Article	END	1683473716362
REQUEST		Create And Delete Article	1683473711350	1683473711440	OK	 
USER	Create An Article	END	1683473716453
REQUEST		Create And Delete Article	1683473711470	1683473711564	OK	 
USER	Create An Article	END	1683473716575
REQUEST		Create And Delete Article	1683473711606	1683473711710	OK	 
USER	Create An Article	END	1683473716732
REQUEST		Create And Delete Article	1683473711702	1683473711795	OK	 
USER	Create An Article	END	1683473716810
REQUEST		Create And Delete Article	1683473711751	1683473711848	OK	 
USER	Create An Article	END	1683473716856
REQUEST		Create And Delete Article	1683473711857	1683473711946	OK	 
USER	Create An Article	END	1683473716949
REQUEST		Create And Delete Article	1683473711963	1683473712069	OK	 
USER	Create An Article	END	1683473717090
REQUEST		Create And Delete Article	1683473712062	1683473712241	OK	 
USER	Create An Article	END	1683473717261
REQUEST		Create And Delete Article	1683473712179	1683473712283	OK	 
USER	Create An Article	END	1683473717292
REQUEST		Create And Delete Article	1683473712331	1683473712432	OK	 
USER	Create An Article	END	1683473717449
REQUEST		Create And Delete Article	1683473712367	1683473712478	OK	 
USER	Create An Article	END	1683473717495
REQUEST		Create And Delete Article	1683473712464	1683473712557	OK	 
USER	Create An Article	END	1683473717571
REQUEST		Create And Delete Article	1683473712574	1683473712681	OK	 
USER	Create An Article	END	1683473717697
REQUEST		Create And Delete Article	1683473712647	1683473712762	OK	 
USER	Create An Article	END	1683473717774
REQUEST		Create And Delete Article	1683473712761	1683473712857	OK	 
USER	Create An Article	END	1683473717867
REQUEST		Create And Delete Article	1683473712882	1683473713013	OK	 
USER	Create An Article	END	1683473718023
REQUEST		Create And Delete Article	1683473712971	1683473713080	OK	 
USER	Create An Article	END	1683473718100
REQUEST		Create And Delete Article	1683473713128	1683473713247	OK	 
USER	Create An Article	END	1683473718272
REQUEST		Create And Delete Article	1683473713174	1683473713306	OK	 
USER	Create An Article	END	1683473718318
REQUEST		Create And Delete Article	1683473713262	1683473713376	OK	 
USER	Create An Article	END	1683473718381
REQUEST		Create And Delete Article	1683473713366	1683473713475	OK	 
USER	Create An Article	END	1683473718490
REQUEST		Create And Delete Article	1683473713499	1683473713599	OK	 
USER	Create An Article	END	1683473718613
REQUEST		Create And Delete Article	1683473713607	1683473713712	OK	 
USER	Create An Article	END	1683473718724
REQUEST		Create And Delete Article	1683473713685	1683473713780	OK	 
USER	Create An Article	END	1683473718787
REQUEST		Create And Delete Article	1683473713796	1683473713931	OK	 
USER	Create An Article	END	1683473718943
REQUEST		Create And Delete Article	1683473713856	1683473713958	OK	 
USER	Create An Article	END	1683473718974
REQUEST		Create And Delete Article	1683473713997	1683473714106	OK	 
USER	Create An Article	END	1683473719114
REQUEST		Create And Delete Article	1683473714007	1683473714114	OK	 
USER	Create An Article	END	1683473719129
REQUEST		Create And Delete Article	1683473714087	1683473714181	OK	 
USER	Create An Article	END	1683473719191
REQUEST		Create And Delete Article	1683473714244	1683473714342	OK	 
USER	Create An Article	END	1683473719347
REQUEST		Create And Delete Article	1683473714279	1683473714392	OK	 
USER	Create An Article	END	1683473719410
REQUEST		Create And Delete Article	1683473714366	1683473714459	OK	 
USER	Create An Article	END	1683473719472
REQUEST		Create And Delete Article	1683473714509	1683473714620	OK	 
USER	Create An Article	END	1683473719641
REQUEST		Create And Delete Article	1683473714565	1683473714675	OK	 
USER	Create An Article	END	1683473719687
REQUEST		Create And Delete Article	1683473714657	1683473714750	OK	 
USER	Create An Article	END	1683473719765
REQUEST		Create And Delete Article	1683473714740	1683473714850	OK	 
USER	Create An Article	END	1683473719858
REQUEST		Create And Delete Article	1683473714865	1683473714987	OK	 
USER	Create An Article	END	1683473719997
REQUEST		Create And Delete Article	1683473714908	1683473715009	OK	 
USER	Create An Article	END	1683473720012
REQUEST		Create And Delete Article	1683473714997	1683473715120	OK	 
USER	Create An Article	END	1683473720136
REQUEST		Create And Delete Article	1683473715090	1683473715270	OK	 
USER	Create An Article	END	1683473720278
REQUEST		Create And Delete Article	1683473715193	1683473715295	OK	 
USER	Create An Article	END	1683473720308
REQUEST		Create And Delete Article	1683473715304	1683473715404	OK	 
USER	Create An Article	END	1683473720417
REQUEST		Create And Delete Article	1683473715382	1683473715486	OK	 
USER	Create An Article	END	1683473720495
REQUEST		Create And Delete Article	1683473715537	1683473715636	OK	 
USER	Create An Article	END	1683473720651
REQUEST		Create And Delete Article	1683473715551	1683473715661	OK	 
USER	Create An Article	END	1683473720681
REQUEST		Create And Delete Article	1683473715720	1683473715817	OK	 
USER	Create An Article	END	1683473720823
REQUEST		Create And Delete Article	1683473715718	1683473715824	OK	 
USER	Create An Article	END	1683473720839
REQUEST		Create And Delete Article	1683473715785	1683473715884	OK	 
USER	Create An Article	END	1683473720900
REQUEST		Create And Delete Article	1683473715876	1683473715962	OK	 
USER	Create An Article	END	1683473720980
REQUEST		Create And Delete Article	1683473715957	1683473716079	OK	 
USER	Create An Article	END	1683473721088
REQUEST		Create And Delete Article	1683473716074	1683473716164	OK	 
USER	Create An Article	END	1683473721182
REQUEST		Create And Delete Article	1683473716137	1683473716235	OK	 
USER	Create An Article	END	1683473721243
REQUEST		Create And Delete Article	1683473716235	1683473716329	OK	 
USER	Create An Article	END	1683473721335
USER	Create An Article	START	1683473721460
REQUEST		Create And Delete Article	1683473716385	1683473716487	OK	 
REQUEST		Create And Delete Article	1683473716379	1683473716483	OK	 
USER	Create An Article	END	1683473721507
USER	Create An Article	END	1683473721507
USER	Create An Article	START	1683473722439
USER	Create An Article	START	1683473723450
USER	Create An Article	START	1683473724460
USER	Create An Article	START	1683473725442
REQUEST		Create And Delete Article	1683473721484	1683473721598	OK	 
USER	Create An Article	END	1683473726614
REQUEST		Create And Delete Article	1683473722456	1683473722560	OK	 
USER	Create An Article	END	1683473727573
REQUEST		Create And Delete Article	1683473723472	1683473723571	OK	 
USER	Create An Article	END	1683473728589
REQUEST		Create And Delete Article	1683473724489	1683473724600	OK	 
USER	Create An Article	END	1683473729617
REQUEST		Create And Delete Article	1683473725454	1683473725564	OK	 
USER	Create An Article	END	1683473730582
