RUN	performanceRunners.CDArticleSimulation	cdarticlesimulation	1683391300977	 	3.7.4
USER	Create An Article	START	1683391301096
REQUEST		POST /api/users/login	1683391303245	1683391303642	OK	 
REQUEST		POST /api/users/login	1683391303720	1683391303895	OK	 
USER	Create An Article	START	1683391305090
USER	Create An Article	START	1683391306085
USER	Create An Article	START	1683391307076
USER	Create An Article	START	1683391308081
USER	Create An Article	START	1683391309075
REQUEST		POST /api/articles	1683391304106	1683391304228	OK	 
USER	Create An Article	END	1683391309250
USER	Create An Article	START	1683391310084
REQUEST		POST /api/articles	1683391305141	1683391305259	OK	 
USER	Create An Article	END	1683391310288
USER	Create An Article	START	1683391311078
REQUEST		POST /api/articles	1683391306129	1683391306228	OK	 
USER	Create An Article	END	1683391311249
USER	Create An Article	START	1683391312088
REQUEST		POST /api/articles	1683391307209	1683391307356	OK	 
USER	Create An Article	END	1683391312366
USER	Create An Article	START	1683391313085
REQUEST		POST /api/articles	1683391308164	1683391308292	OK	 
USER	Create An Article	END	1683391313302
USER	Create An Article	START	1683391314092
REQUEST		POST /api/articles	1683391309137	1683391309233	OK	 
USER	Create An Article	END	1683391314247
USER	Create An Article	START	1683391315083
REQUEST		POST /api/articles	1683391310161	1683391310265	OK	 
USER	Create An Article	END	1683391315284
USER	Create An Article	START	1683391315578
USER	Create An Article	START	1683391316076
REQUEST		POST /api/articles	1683391311143	1683391311247	OK	 
USER	Create An Article	END	1683391316261
USER	Create An Article	START	1683391316584
USER	Create An Article	START	1683391317080
REQUEST		POST /api/articles	1683391312170	1683391312266	OK	 
USER	Create An Article	END	1683391317295
USER	Create An Article	START	1683391317573
USER	Create An Article	START	1683391318088
REQUEST		POST /api/articles	1683391313165	1683391313288	OK	 
USER	Create An Article	END	1683391318305
USER	Create An Article	START	1683391318583
USER	Create An Article	START	1683391319084
REQUEST		POST /api/articles	1683391314109	1683391314216	OK	 
USER	Create An Article	END	1683391319222
USER	Create An Article	START	1683391319579
USER	Create An Article	START	1683391320090
REQUEST		POST /api/articles	1683391315097	1683391315213	OK	 
USER	Create An Article	END	1683391320229
USER	Create An Article	START	1683391320587
REQUEST		POST /api/articles	1683391315593	1683391315705	OK	 
USER	Create An Article	END	1683391320714
USER	Create An Article	START	1683391321085
REQUEST		POST /api/articles	1683391316107	1683391316220	OK	 
USER	Create An Article	END	1683391321238
USER	Create An Article	START	1683391321578
REQUEST		POST /api/articles	1683391316613	1683391316716	OK	 
USER	Create An Article	END	1683391321734
USER	Create An Article	START	1683391322090
REQUEST		POST /api/articles	1683391317102	1683391317214	OK	 
USER	Create An Article	END	1683391322228
USER	Create An Article	START	1683391322585
REQUEST		POST /api/articles	1683391317591	1683391317681	OK	 
USER	Create An Article	END	1683391322695
USER	Create An Article	START	1683391323078
REQUEST		POST /api/articles	1683391318113	1683391318226	OK	 
USER	Create An Article	END	1683391323235
USER	Create An Article	START	1683391323574
REQUEST		POST /api/articles	1683391318602	1683391318689	OK	 
USER	Create An Article	END	1683391323712
USER	Create An Article	START	1683391324085
REQUEST		POST /api/articles	1683391319147	1683391319238	OK	 
USER	Create An Article	END	1683391324254
USER	Create An Article	START	1683391324577
REQUEST		POST /api/articles	1683391319632	1683391319739	OK	 
USER	Create An Article	END	1683391324762
USER	Create An Article	START	1683391325088
REQUEST		POST /api/articles	1683391320111	1683391320269	OK	 
USER	Create An Article	END	1683391325273
USER	Create An Article	START	1683391325585
REQUEST		POST /api/articles	1683391320648	1683391320745	OK	 
USER	Create An Article	END	1683391325757
USER	Create An Article	START	1683391326084
REQUEST		POST /api/articles	1683391321101	1683391321228	OK	 
USER	Create An Article	END	1683391326242
USER	Create An Article	START	1683391326411
USER	Create An Article	START	1683391326751
REQUEST		POST /api/articles	1683391321624	1683391321742	OK	 
USER	Create An Article	END	1683391326766
USER	Create An Article	START	1683391327090
REQUEST		POST /api/articles	1683391322138	1683391322274	OK	 
USER	Create An Article	END	1683391327294
USER	Create An Article	START	1683391327416
USER	Create An Article	START	1683391327744
REQUEST		POST /api/articles	1683391322620	1683391322759	OK	 
USER	Create An Article	END	1683391327776
USER	Create An Article	START	1683391328084
REQUEST		POST /api/articles	1683391323124	1683391323241	OK	 
USER	Create An Article	END	1683391328257
USER	Create An Article	START	1683391328332
USER	Create An Article	START	1683391328583
REQUEST		POST /api/articles	1683391323592	1683391323684	OK	 
USER	Create An Article	END	1683391328693
USER	Create An Article	START	1683391328831
USER	Create An Article	START	1683391329077
REQUEST		POST /api/articles	1683391324127	1683391324227	OK	 
USER	Create An Article	END	1683391329235
USER	Create An Article	START	1683391329328
USER	Create An Article	START	1683391329577
REQUEST		POST /api/articles	1683391324622	1683391324762	OK	 
USER	Create An Article	END	1683391329781
USER	Create An Article	START	1683391329827
USER	Create An Article	START	1683391330075
REQUEST		POST /api/articles	1683391325105	1683391325216	OK	 
USER	Create An Article	END	1683391330233
USER	Create An Article	START	1683391330279
USER	Create An Article	START	1683391330480
USER	Create An Article	START	1683391330681
REQUEST		POST /api/articles	1683391325608	1683391325746	OK	 
USER	Create An Article	END	1683391330758
USER	Create An Article	START	1683391330883
USER	Create An Article	START	1683391331086
REQUEST		POST /api/articles	1683391326125	1683391326253	OK	 
USER	Create An Article	END	1683391331273
USER	Create An Article	START	1683391331287
USER	Create An Article	START	1683391331486
REQUEST		POST /api/articles	1683391326452	1683391326572	OK	 
USER	Create An Article	END	1683391331594
USER	Create An Article	START	1683391331686
USER	Create An Article	START	1683391331886
REQUEST		POST /api/articles	1683391326790	1683391326909	OK	 
USER	Create An Article	END	1683391331918
USER	Create An Article	START	1683391332103
USER	Create An Article	START	1683391332255
REQUEST		POST /api/articles	1683391327132	1683391327234	OK	 
USER	Create An Article	END	1683391332257
USER	Create An Article	START	1683391332408
REQUEST		POST /api/articles	1683391327432	1683391327524	OK	 
USER	Create An Article	END	1683391332540
USER	Create An Article	START	1683391332577
USER	Create An Article	START	1683391332747
USER	Create An Article	START	1683391332915
REQUEST		POST /api/articles	1683391327802	1683391327920	OK	 
USER	Create An Article	END	1683391332931
USER	Create An Article	START	1683391333084
REQUEST		POST /api/articles	1683391328122	1683391328234	OK	 
USER	Create An Article	END	1683391333238
USER	Create An Article	START	1683391333252
USER	Create An Article	START	1683391333407
REQUEST		POST /api/articles	1683391328389	1683391328486	OK	 
USER	Create An Article	END	1683391333501
USER	Create An Article	START	1683391333578
REQUEST		POST /api/articles	1683391328601	1683391328689	OK	 
USER	Create An Article	END	1683391333702
USER	Create An Article	START	1683391333747
USER	Create An Article	START	1683391333917
REQUEST		POST /api/articles	1683391328872	1683391328990	OK	 
USER	Create An Article	END	1683391334010
USER	Create An Article	START	1683391334085
USER	Create An Article	START	1683391334223
REQUEST		POST /api/articles	1683391329132	1683391329268	OK	 
USER	Create An Article	END	1683391334287
USER	Create An Article	START	1683391334364
REQUEST		POST /api/articles	1683391329346	1683391329443	OK	 
USER	Create An Article	END	1683391334456
USER	Create An Article	START	1683391334502
USER	Create An Article	START	1683391334655
REQUEST		POST /api/articles	1683391329603	1683391329697	OK	 
USER	Create An Article	END	1683391334717
USER	Create An Article	START	1683391334792
USER	Create An Article	START	1683391334948
REQUEST		POST /api/articles	1683391329878	1683391329986	OK	 
USER	Create An Article	END	1683391334995
USER	Create An Article	START	1683391335086
USER	Create An Article	START	1683391335222
REQUEST		POST /api/articles	1683391330099	1683391330242	OK	 
USER	Create An Article	END	1683391335254
USER	Create An Article	START	1683391335362
REQUEST		POST /api/articles	1683391330308	1683391330398	OK	 
USER	Create An Article	END	1683391335410
USER	Create An Article	START	1683391335502
REQUEST		POST /api/articles	1683391330506	1683391330593	OK	 
USER	Create An Article	END	1683391335609
USER	Create An Article	START	1683391335654
USER	Create An Article	START	1683391335793
REQUEST		POST /api/articles	1683391330701	1683391330804	OK	 
USER	Create An Article	END	1683391335808
USER	Create An Article	START	1683391335931
REQUEST		POST /api/articles	1683391330904	1683391331011	OK	 
USER	Create An Article	END	1683391336025
USER	Create An Article	START	1683391336086
USER	Create An Article	START	1683391336209
REQUEST		POST /api/articles	1683391331104	1683391331190	OK	 
USER	Create An Article	END	1683391336211
USER	Create An Article	START	1683391336332
USER	Create An Article	START	1683391336455
REQUEST		POST /api/articles	1683391331338	1683391331457	OK	 
USER	Create An Article	END	1683391336471
USER	Create An Article	START	1683391336577
REQUEST		POST /api/articles	1683391331507	1683391331613	OK	 
USER	Create An Article	END	1683391336624
USER	Create An Article	START	1683391336701
USER	Create An Article	START	1683391336827
REQUEST		POST /api/articles	1683391331719	1683391331831	OK	 
USER	Create An Article	END	1683391336843
USER	Create An Article	START	1683391336949
REQUEST		POST /api/articles	1683391331938	1683391332031	OK	 
USER	Create An Article	END	1683391337041
USER	Create An Article	START	1683391337087
USER	Create An Article	START	1683391337211
REQUEST		POST /api/articles	1683391332122	1683391332208	OK	 
USER	Create An Article	END	1683391337226
USER	Create An Article	START	1683391337332
REQUEST		POST /api/articles	1683391332312	1683391332431	OK	 
USER	Create An Article	END	1683391337440
USER	Create An Article	START	1683391337455
REQUEST		POST /api/articles	1683391332434	1683391332529	OK	 
USER	Create An Article	END	1683391337533
USER	Create An Article	START	1683391337578
REQUEST		POST /api/articles	1683391332592	1683391332677	OK	 
USER	Create An Article	END	1683391337687
USER	Create An Article	START	1683391337701
USER	Create An Article	START	1683391337823
REQUEST		POST /api/articles	1683391332813	1683391332929	OK	 
USER	Create An Article	END	1683391337946
USER	Create An Article	START	1683391337960
REQUEST		POST /api/articles	1683391332953	1683391333050	OK	 
USER	Create An Article	END	1683391338054
USER	Create An Article	START	1683391338085
USER	Create An Article	START	1683391338192
REQUEST		POST /api/articles	1683391333103	1683391333194	OK	 
USER	Create An Article	END	1683391338208
USER	Create An Article	START	1683391338299
REQUEST		POST /api/articles	1683391333265	1683391333362	OK	 
USER	Create An Article	END	1683391338377
USER	Create An Article	START	1683391338422
USER	Create An Article	START	1683391338530
REQUEST		POST /api/articles	1683391333462	1683391333554	OK	 
USER	Create An Article	END	1683391338562
USER	Create An Article	START	1683391338638
REQUEST		POST /api/articles	1683391333615	1683391333717	OK	 
USER	Create An Article	END	1683391338733
USER	Create An Article	START	1683391338748
USER	Create An Article	START	1683391338854
REQUEST		POST /api/articles	1683391333785	1683391333900	OK	 
USER	Create An Article	END	1683391338915
USER	Create An Article	START	1683391338977
USER	Create An Article	START	1683391339085
REQUEST		POST /api/articles	1683391333969	1683391334096	OK	 
USER	Create An Article	END	1683391339117
USER	Create An Article	START	1683391339191
REQUEST		POST /api/articles	1683391334120	1683391334221	OK	 
USER	Create An Article	END	1683391339238
USER	Create An Article	START	1683391339299
USER	Create An Article	START	1683391339407
REQUEST		POST /api/articles	1683391334279	1683391334402	OK	 
USER	Create An Article	END	1683391339424
REQUEST		POST /api/articles	1683391334387	1683391334489	OK	 
USER	Create An Article	END	1683391339500
USER	Create An Article	START	1683391339530
REQUEST		POST /api/articles	1683391334514	1683391334602	OK	 
USER	Create An Article	END	1683391339624
USER	Create An Article	START	1683391339639
USER	Create An Article	START	1683391339745
USER	Create An Article	START	1683391339853
REQUEST		POST /api/articles	1683391334703	1683391334859	OK	 
USER	Create An Article	END	1683391339883
USER	Create An Article	START	1683391339975
REQUEST		POST /api/articles	1683391334829	1683391334961	OK	 
USER	Create An Article	END	1683391339976
USER	Create An Article	START	1683391340083
REQUEST		POST /api/articles	1683391335022	1683391335117	OK	 
USER	Create An Article	END	1683391340130
USER	Create An Article	START	1683391340176
REQUEST		POST /api/articles	1683391335101	1683391335209	OK	 
USER	Create An Article	END	1683391340223
USER	Create An Article	START	1683391340282
REQUEST		POST /api/articles	1683391335240	1683391335344	OK	 
USER	Create An Article	END	1683391340360
USER	Create An Article	START	1683391340375
USER	Create An Article	START	1683391340482
REQUEST		POST /api/articles	1683391335394	1683391335506	OK	 
USER	Create An Article	END	1683391340528
USER	Create An Article	START	1683391340574
USER	Create An Article	START	1683391340682
REQUEST		POST /api/articles	1683391335533	1683391335677	OK	 
USER	Create An Article	END	1683391340699
USER	Create An Article	START	1683391340775
REQUEST		POST /api/articles	1683391335687	1683391335793	OK	 
USER	Create An Article	END	1683391340823
USER	Create An Article	START	1683391340884
USER	Create An Article	START	1683391340975
USER	Create An Article	START	1683391341083
REQUEST		POST /api/articles	1683391335985	1683391336116	OK	 
USER	Create An Article	END	1683391341130
USER	Create An Article	START	1683391341175
REQUEST		POST /api/articles	1683391335821	1683391336228	OK	 
REQUEST		POST /api/articles	1683391336125	1683391336224	OK	 
USER	Create An Article	END	1683391341238
USER	Create An Article	END	1683391341238
USER	Create An Article	START	1683391341282
USER	Create An Article	START	1683391341375
REQUEST		POST /api/articles	1683391336246	1683391336358	OK	 
USER	Create An Article	END	1683391341376
USER	Create An Article	START	1683391341483
REQUEST		POST /api/articles	1683391336440	1683391336541	OK	 
USER	Create An Article	END	1683391341545
USER	Create An Article	START	1683391341575
REQUEST		POST /api/articles	1683391336502	1683391336607	OK	 
USER	Create An Article	END	1683391341622
USER	Create An Article	START	1683391341684
USER	Create An Article	START	1683391341779
REQUEST		POST /api/articles	1683391336663	1683391336817	OK	 
REQUEST		POST /api/articles	1683391336731	1683391336827	OK	 
USER	Create An Article	END	1683391341842
USER	Create An Article	END	1683391341842
USER	Create An Article	START	1683391341887
USER	Create An Article	START	1683391341978
REQUEST		POST /api/articles	1683391336887	1683391336997	OK	 
USER	Create An Article	END	1683391342012
USER	Create An Article	START	1683391342087
REQUEST		POST /api/articles	1683391336979	1683391337086	OK	 
USER	Create An Article	END	1683391342103
USER	Create An Article	START	1683391342178
REQUEST		POST /api/articles	1683391337098	1683391337191	OK	 
USER	Create An Article	END	1683391342194
USER	Create An Article	START	1683391342255
USER	Create An Article	START	1683391342348
REQUEST		POST /api/articles	1683391337228	1683391337336	OK	 
USER	Create An Article	END	1683391342348
USER	Create An Article	START	1683391342440
REQUEST		POST /api/articles	1683391337348	1683391337448	OK	 
USER	Create An Article	START	1683391342531
USER	Create An Article	END	1683391342471
USER	Create An Article	START	1683391342623
REQUEST		POST /api/articles	1683391337496	1683391337602	OK	 
USER	Create An Article	END	1683391342623
USER	Create An Article	START	1683391342715
REQUEST		POST /api/articles	1683391337615	1683391337714	OK	 
USER	Create An Article	END	1683391342748
USER	Create An Article	START	1683391342809
REQUEST		POST /api/articles	1683391337755	1683391337863	OK	 
USER	Create An Article	END	1683391342870
USER	Create An Article	START	1683391342901
REQUEST		POST /api/articles	1683391337881	1683391337966	OK	 
USER	Create An Article	END	1683391342978
USER	Create An Article	START	1683391342993
USER	Create An Article	START	1683391343085
REQUEST		POST /api/articles	1683391337998	1683391338126	OK	 
USER	Create An Article	END	1683391343148
USER	Create An Article	START	1683391343185
USER	Create An Article	START	1683391343255
REQUEST		POST /api/articles	1683391338115	1683391338246	OK	 
USER	Create An Article	END	1683391343255
REQUEST		POST /api/articles	1683391338219	1683391338304	OK	 
USER	Create An Article	END	1683391343315
USER	Create An Article	START	1683391343346
REQUEST		POST /api/articles	1683391338326	1683391338408	OK	 
USER	Create An Article	END	1683391343424
USER	Create An Article	START	1683391343438
USER	Create An Article	START	1683391343533
REQUEST		POST /api/articles	1683391338452	1683391338570	OK	 
USER	Create An Article	END	1683391343580
USER	Create An Article	START	1683391343626
REQUEST		POST /api/articles	1683391338576	1683391338659	OK	 
USER	Create An Article	END	1683391343674
USER	Create An Article	START	1683391343719
REQUEST		POST /api/articles	1683391338682	1683391338784	OK	 
USER	Create An Article	END	1683391343796
USER	Create An Article	START	1683391343810
REQUEST		POST /api/articles	1683391338762	1683391338864	OK	 
USER	Create An Article	END	1683391343871
USER	Create An Article	START	1683391343902
USER	Create An Article	START	1683391343994
REQUEST		POST /api/articles	1683391338893	1683391338989	OK	 
USER	Create An Article	END	1683391344011
USER	Create An Article	START	1683391344087
REQUEST		POST /api/articles	1683391339009	1683391339100	OK	 
USER	Create An Article	END	1683391344118
USER	Create An Article	START	1683391344163
USER	Create An Article	START	1683391344242
REQUEST		POST /api/articles	1683391339139	1683391339244	OK	 
USER	Create An Article	END	1683391344257
REQUEST		POST /api/articles	1683391339214	1683391339300	OK	 
USER	Create An Article	END	1683391344304
USER	Create An Article	START	1683391344334
USER	Create An Article	START	1683391344410
REQUEST		POST /api/articles	1683391339310	1683391339393	OK	 
USER	Create An Article	END	1683391344411
USER	Create An Article	START	1683391344502
REQUEST		POST /api/articles	1683391339425	1683391339518	OK	 
USER	Create An Article	END	1683391344535
USER	Create An Article	START	1683391344580
REQUEST		POST /api/articles	1683391339543	1683391339627	OK	 
USER	Create An Article	END	1683391344642
USER	Create An Article	START	1683391344657
USER	Create An Article	START	1683391344750
REQUEST		POST /api/articles	1683391339671	1683391339776	OK	 
USER	Create An Article	END	1683391344781
USER	Create An Article	START	1683391344826
REQUEST		POST /api/articles	1683391339762	1683391339865	OK	 
USER	Create An Article	START	1683391344920
USER	Create An Article	END	1683391344874
USER	Create An Article	START	1683391344998
REQUEST		POST /api/articles	1683391339892	1683391339996	OK	 
USER	Create An Article	END	1683391345014
REQUEST		POST /api/articles	1683391340006	1683391340107	OK	 
USER	Create An Article	END	1683391345122
REQUEST		POST /api/articles	1683391340097	1683391340185	OK	 
USER	Create An Article	END	1683391345200
REQUEST		POST /api/articles	1683391340192	1683391340288	OK	 
USER	Create An Article	END	1683391345293
REQUEST		POST /api/articles	1683391340301	1683391340398	OK	 
USER	Create An Article	END	1683391345400
REQUEST		POST /api/articles	1683391340385	1683391340486	OK	 
USER	Create An Article	END	1683391345494
REQUEST		POST /api/articles	1683391340502	1683391340591	OK	 
USER	Create An Article	END	1683391345603
REQUEST		POST /api/articles	1683391340584	1683391340682	OK	 
USER	Create An Article	END	1683391345696
REQUEST		POST /api/articles	1683391340736	1683391340856	OK	 
USER	Create An Article	END	1683391345866
REQUEST		POST /api/articles	1683391340819	1683391340947	OK	 
USER	Create An Article	END	1683391345958
REQUEST		POST /api/articles	1683391340901	1683391341039	OK	 
USER	Create An Article	END	1683391346050
REQUEST		POST /api/articles	1683391341088	1683391341177	OK	 
USER	Create An Article	END	1683391346191
REQUEST		POST /api/articles	1683391341164	1683391341274	OK	 
USER	Create An Article	END	1683391346284
REQUEST		POST /api/articles	1683391341267	1683391341366	OK	 
USER	Create An Article	END	1683391346377
REQUEST		POST /api/articles	1683391341294	1683391341383	OK	 
USER	Create An Article	END	1683391346393
REQUEST		POST /api/articles	1683391341386	1683391341478	OK	 
USER	Create An Article	END	1683391346487
REQUEST		POST /api/articles	1683391341502	1683391341609	OK	 
USER	Create An Article	END	1683391346628
REQUEST		POST /api/articles	1683391341590	1683391341692	OK	 
USER	Create An Article	END	1683391346706
REQUEST		POST /api/articles	1683391341713	1683391341838	OK	 
USER	Create An Article	END	1683391346861
REQUEST		POST /api/articles	1683391341912	1683391342001	OK	 
USER	Create An Article	END	1683391347017
REQUEST		POST /api/articles	1683391341871	1683391342037	OK	 
USER	Create An Article	END	1683391347047
REQUEST		POST /api/articles	1683391342035	1683391342134	OK	 
USER	Create An Article	END	1683391347169
REQUEST		POST /api/articles	1683391342127	1683391342239	OK	 
USER	Create An Article	END	1683391347247
REQUEST		POST /api/articles	1683391342219	1683391342354	OK	 
USER	Create An Article	END	1683391347371
REQUEST		POST /api/articles	1683391342359	1683391342442	OK	 
USER	Create An Article	END	1683391347448
REQUEST		POST /api/articles	1683391342458	1683391342549	OK	 
USER	Create An Article	END	1683391347557
REQUEST		POST /api/articles	1683391342480	1683391342564	OK	 
USER	Create An Article	END	1683391347572
REQUEST		POST /api/articles	1683391342582	1683391342687	OK	 
USER	Create An Article	END	1683391347695
REQUEST		POST /api/articles	1683391342634	1683391342724	OK	 
USER	Create An Article	END	1683391347741
REQUEST		POST /api/articles	1683391342745	1683391342858	OK	 
USER	Create An Article	END	1683391347865
REQUEST		POST /api/articles	1683391342818	1683391342916	OK	 
USER	Create An Article	END	1683391347928
REQUEST		POST /api/articles	1683391342911	1683391343050	OK	 
USER	Create An Article	END	1683391348067
REQUEST		POST /api/articles	1683391343018	1683391343123	OK	 
USER	Create An Article	END	1683391348145
REQUEST		POST /api/articles	1683391343190	1683391343307	OK	 
USER	Create An Article	END	1683391348317
REQUEST		POST /api/articles	1683391343218	1683391343315	OK	 
USER	Create An Article	END	1683391348332
REQUEST		POST /api/articles	1683391343267	1683391343366	OK	 
USER	Create An Article	END	1683391348379
REQUEST		POST /api/articles	1683391343357	1683391343447	OK	 
USER	Create An Article	END	1683391348456
REQUEST		POST /api/articles	1683391343458	1683391343560	OK	 
USER	Create An Article	END	1683391348580
REQUEST		POST /api/articles	1683391343609	1683391343731	OK	 
USER	Create An Article	END	1683391348751
REQUEST		POST /api/articles	1683391343658	1683391343752	OK	 
USER	Create An Article	END	1683391348767
REQUEST		POST /api/articles	1683391343738	1683391343851	OK	 
USER	Create An Article	END	1683391348860
REQUEST		POST /api/articles	1683391343824	1683391343939	OK	 
USER	Create An Article	END	1683391348953
REQUEST		POST /api/articles	1683391343914	1683391343994	OK	 
USER	Create An Article	END	1683391348999
REQUEST		POST /api/articles	1683391344028	1683391344109	OK	 
USER	Create An Article	END	1683391349124
REQUEST		POST /api/articles	1683391344106	1683391344218	OK	 
USER	Create An Article	END	1683391349235
REQUEST		POST /api/articles	1683391344188	1683391344300	OK	 
USER	Create An Article	END	1683391349313
REQUEST		POST /api/articles	1683391344303	1683391344396	OK	 
USER	Create An Article	END	1683391349406
REQUEST		POST /api/articles	1683391344359	1683391344457	OK	 
USER	Create An Article	END	1683391349467
REQUEST		POST /api/articles	1683391344437	1683391344546	OK	 
USER	Create An Article	END	1683391349561
REQUEST		POST /api/articles	1683391344559	1683391344686	OK	 
USER	Create An Article	END	1683391349700
REQUEST		POST /api/articles	1683391344667	1683391344781	OK	 
USER	Create An Article	END	1683391349791
REQUEST		POST /api/articles	1683391344808	1683391344923	OK	 
USER	Create An Article	END	1683391349931
REQUEST		POST /api/articles	1683391344882	1683391344969	OK	 
USER	Create An Article	END	1683391349977
USER	Create An Article	START	1683391350084
REQUEST		POST /api/articles	1683391344996	1683391345102	OK	 
USER	Create An Article	END	1683391350116
REQUEST		POST /api/articles	1683391345027	1683391345115	OK	 
USER	Create An Article	END	1683391350133
REQUEST		POST /api/articles	1683391345154	1683391345261	OK	 
USER	Create An Article	END	1683391350272
USER	Create An Article	START	1683391351083
USER	Create An Article	START	1683391352093
USER	Create An Article	START	1683391353084
USER	Create An Article	START	1683391354079
REQUEST		POST /api/articles	1683391350094	1683391350197	OK	 
USER	Create An Article	END	1683391355205
REQUEST		POST /api/articles	1683391351108	1683391351224	OK	 
USER	Create An Article	END	1683391356231
REQUEST		POST /api/articles	1683391352117	1683391352225	OK	 
USER	Create An Article	END	1683391357237
REQUEST		POST /api/articles	1683391353108	1683391353209	OK	 
USER	Create An Article	END	1683391358229
REQUEST		POST /api/articles	1683391354089	1683391354190	OK	 
USER	Create An Article	END	1683391359194
